Shape: (891, 15)

Columns:
 ['survived', 'pclass', 'sex', 'age', 'sibsp', 'parch', 'fare', 'embarked', 'class', 'who', 'adult_male', 'deck', 'embark_town', 'alive', 'alone']

Data Types:
 survived          int64
pclass            int64
sex              object
age             float64
sibsp             int64
parch             int64
fare            float64
embarked         object
class          category
who              object
adult_male         bool
deck           category
embark_town      object
alive            object
alone              bool
dtype: object

Missing Values:
 survived         0
pclass           0
sex              0
age            177
sibsp            0
parch            0
fare             0
embarked         2
class            0
who              0
adult_male       0
deck           688
embark_town      2
alive            0
alone            0
dtype: int64

Summary:
           survived      pclass   sex         age       sibsp       parch  \
count   891.000000  891.000000   891  714.000000  891.000000  891.000000   
unique         NaN         NaN     2         NaN         NaN         NaN   
top            NaN         NaN  male         NaN         NaN         NaN   
freq           NaN         NaN   577         NaN         NaN         NaN   
mean      0.383838    2.308642   NaN   29.699118    0.523008    0.381594   
std       0.486592    0.836071   NaN   14.526497    1.102743    0.806057   
min       0.000000    1.000000   NaN    0.420000    0.000000    0.000000   
25%       0.000000    2.000000   NaN   20.125000    0.000000    0.000000   
50%       0.000000    3.000000   NaN   28.000000    0.000000    0.000000   
75%       1.000000    3.000000   NaN   38.000000    1.000000    0.000000   
max       1.000000    3.000000   NaN   80.000000    8.000000    6.000000   

              fare embarked  class  who adult_male deck  embark_town alive  \
count   891.000000      889    891  891        891  203          889   891   
unique         NaN        3      3    3          2    7            3     2   
top            NaN        S  Third  man       True    C  Southampton    no   
freq           NaN      644    491  537        537   59          644   549   
mean     32.204208      NaN    NaN  NaN        NaN  NaN          NaN   NaN   
std      49.693429      NaN    NaN  NaN        NaN  NaN          NaN   NaN   
min       0.000000      NaN    NaN  NaN        NaN  NaN          NaN   NaN   
25%       7.910400      NaN    NaN  NaN        NaN  NaN          NaN   NaN   
50%      14.454200      NaN    NaN  NaN        NaN  NaN          NaN   NaN   
75%      31.000000      NaN    NaN  NaN        NaN  NaN          NaN   NaN   
max     512.329200      NaN    NaN  NaN        NaN  NaN          NaN   NaN   

       alone  
count    891  
unique     2  
top     True  
freq     537  
mean     NaN  
std      NaN  
min      NaN  
25%      NaN  
50%      NaN  
75%      NaN  
max      NaN  
/tmp/ipython-input-2227335902.py:25: FutureWarning: 

Passing `palette` without assigning `hue` is deprecated and will be removed in v0.14.0. Assign the `x` variable to `hue` and set `legend=False` for the same effect.

  sns.countplot(data=df, x='survived', palette='Set2')