Dataset shape: (1599, 12)

Column names: ['fixed acidity', 'volatile acidity', 'citric acid', 'residual sugar', 'chlorides', 'free sulfur dioxide', 'total sulfur dioxide', 'density', 'pH', 'sulphates', 'alcohol', 'quality']

Info:
<class 'pandas.core.frame.DataFrame'>
RangeIndex: 1599 entries, 0 to 1598
Data columns (total 12 columns):
 #   Column                Non-Null Count  Dtype  
---  ------                --------------  -----  
 0   fixed acidity         1599 non-null   float64
 1   volatile acidity      1599 non-null   float64
 2   citric acid           1599 non-null   float64
 3   residual sugar        1599 non-null   float64
 4   chlorides             1599 non-null   float64
 5   free sulfur dioxide   1599 non-null   float64
 6   total sulfur dioxide  1599 non-null   float64
 7   density               1599 non-null   float64
 8   pH                    1599 non-null   float64
 9   sulphates             1599 non-null   float64
 10  alcohol               1599 non-null   float64
 11  quality               1599 non-null   int64  
dtypes: float64(11), int64(1)
memory usage: 150.0 KB
None

Summary statistics:
       fixed acidity  volatile acidity  citric acid  residual sugar  \
count    1599.000000       1599.000000  1599.000000     1599.000000   
mean        8.319637          0.527821     0.270976        2.538806   
std         1.741096          0.179060     0.194801        1.409928   
min         4.600000          0.120000     0.000000        0.900000   
25%         7.100000          0.390000     0.090000        1.900000   
50%         7.900000          0.520000     0.260000        2.200000   
75%         9.200000          0.640000     0.420000        2.600000   
max        15.900000          1.580000     1.000000       15.500000   

         chlorides  free sulfur dioxide  total sulfur dioxide      density  \
count  1599.000000          1599.000000           1599.000000  1599.000000   
mean      0.087467            15.874922             46.467792     0.996747   
std       0.047065            10.460157             32.895324     0.001887   
min       0.012000             1.000000              6.000000     0.990070   
25%       0.070000             7.000000             22.000000     0.995600   
50%       0.079000            14.000000             38.000000     0.996750   
75%       0.090000            21.000000             62.000000     0.997835   
max       0.611000            72.000000            289.000000     1.003690   

                pH    sulphates      alcohol      quality  
count  1599.000000  1599.000000  1599.000000  1599.000000  
mean      3.311113     0.658149    10.422983     5.636023  
std       0.154386     0.169507     1.065668     0.807569  
min       2.740000     0.330000     8.400000     3.000000  
25%       3.210000     0.550000     9.500000     5.000000  
50%       3.310000     0.620000    10.200000     6.000000  
75%       3.400000     0.730000    11.100000     6.000000  
max       4.010000     2.000000    14.900000     8.000000  

Missing values:
 fixed acidity           0
volatile acidity        0
citric acid             0
residual sugar          0
chlorides               0
free sulfur dioxide     0
total sulfur dioxide    0
density                 0
pH                      0
sulphates               0
alcohol                 0
quality                 0
dtype: int64
/tmp/ipython-input-4038035361.py:14: FutureWarning: 

Passing `palette` without assigning `hue` is deprecated and will be removed in v0.14.0. Assign the `x` variable to `hue` and set `legend=False` for the same effect.

  sns.countplot(x='quality', data=df, palette='magma')




/tmp/ipython-input-4038035361.py:29: FutureWarning: 

Passing `palette` without assigning `hue` is deprecated and will be removed in v0.14.0. Assign the `x` variable to `hue` and set `legend=False` for the same effect.

  sns.boxplot(x='quality', y=feature, data=df, palette='Set2')
/tmp/ipython-input-4038035361.py:29: FutureWarning: 

Passing `palette` without assigning `hue` is deprecated and will be removed in v0.14.0. Assign the `x` variable to `hue` and set `legend=False` for the same effect.

  sns.boxplot(x='quality', y=feature, data=df, palette='Set2')
/tmp/ipython-input-4038035361.py:29: FutureWarning: 

Passing `palette` without assigning `hue` is deprecated and will be removed in v0.14.0. Assign the `x` variable to `hue` and set `legend=False` for the same effect.

  sns.boxplot(x='quality', y=feature, data=df, palette='Set2')
/tmp/ipython-input-4038035361.py:29: FutureWarning: 

Passing `palette` without assigning `hue` is deprecated and will be removed in v0.14.0. Assign the `x` variable to `hue` and set `legend=False` for the same effect.

  sns.boxplot(x='quality', y=feature, data=df, palette='Set2')